2012-06-14 06:10:38 Error: [MissingComponentException] Component class FlickrComponent could not be found.
#0 C:\xampp\htdocs\xampp\flickrcake\lib\Cake\Controller\ComponentCollection.php(52): ComponentCollection->load('Flickr', Array)
#1 C:\xampp\htdocs\xampp\flickrcake\lib\Cake\Controller\Controller.php(635): ComponentCollection->init(Object(GalleryController))
#2 C:\xampp\htdocs\xampp\flickrcake\lib\Cake\Routing\Dispatcher.php(99): Controller->constructClasses()
#3 C:\xampp\htdocs\xampp\flickrcake\lib\Cake\Routing\Dispatcher.php(85): Dispatcher->_invoke(Object(GalleryController), Object(CakeRequest), Object(CakeResponse))
#4 C:\xampp\htdocs\xampp\flickrcake\app\webroot\index.php(92): Dispatcher->dispatch(Object(CakeRequest), Object(CakeResponse))
#5 {main}
2012-06-14 06:13:17 Error: [MissingComponentException] Component class FlickrComponent could not be found.
#0 C:\xampp\htdocs\xampp\flickrcake\lib\Cake\Controller\ComponentCollection.php(52): ComponentCollection->load('Flickr', Array)
#1 C:\xampp\htdocs\xampp\flickrcake\lib\Cake\Controller\Controller.php(635): ComponentCollection->init(Object(GalleryController))
#2 C:\xampp\htdocs\xampp\flickrcake\lib\Cake\Routing\Dispatcher.php(99): Controller->constructClasses()
#3 C:\xampp\htdocs\xampp\flickrcake\lib\Cake\Routing\Dispatcher.php(85): Dispatcher->_invoke(Object(GalleryController), Object(CakeRequest), Object(CakeResponse))
#4 C:\xampp\htdocs\xampp\flickrcake\app\webroot\index.php(92): Dispatcher->dispatch(Object(CakeRequest), Object(CakeResponse))
#5 {main}
2012-06-14 06:13:18 Error: [MissingComponentException] Component class FlickrComponent could not be found.
#0 C:\xampp\htdocs\xampp\flickrcake\lib\Cake\Controller\ComponentCollection.php(52): ComponentCollection->load('Flickr', Array)
#1 C:\xampp\htdocs\xampp\flickrcake\lib\Cake\Controller\Controller.php(635): ComponentCollection->init(Object(GalleryController))
#2 C:\xampp\htdocs\xampp\flickrcake\lib\Cake\Routing\Dispatcher.php(99): Controller->constructClasses()
#3 C:\xampp\htdocs\xampp\flickrcake\lib\Cake\Routing\Dispatcher.php(85): Dispatcher->_invoke(Object(GalleryController), Object(CakeRequest), Object(CakeResponse))
#4 C:\xampp\htdocs\xampp\flickrcake\app\webroot\index.php(92): Dispatcher->dispatch(Object(CakeRequest), Object(CakeResponse))
#5 {main}
2012-06-14 06:13:18 Error: [MissingComponentException] Component class FlickrComponent could not be found.
#0 C:\xampp\htdocs\xampp\flickrcake\lib\Cake\Controller\ComponentCollection.php(52): ComponentCollection->load('Flickr', Array)
#1 C:\xampp\htdocs\xampp\flickrcake\lib\Cake\Controller\Controller.php(635): ComponentCollection->init(Object(GalleryController))
#2 C:\xampp\htdocs\xampp\flickrcake\lib\Cake\Routing\Dispatcher.php(99): Controller->constructClasses()
#3 C:\xampp\htdocs\xampp\flickrcake\lib\Cake\Routing\Dispatcher.php(85): Dispatcher->_invoke(Object(GalleryController), Object(CakeRequest), Object(CakeResponse))
#4 C:\xampp\htdocs\xampp\flickrcake\app\webroot\index.php(92): Dispatcher->dispatch(Object(CakeRequest), Object(CakeResponse))
#5 {main}
2012-06-14 06:13:18 Error: [MissingComponentException] Component class FlickrComponent could not be found.
#0 C:\xampp\htdocs\xampp\flickrcake\lib\Cake\Controller\ComponentCollection.php(52): ComponentCollection->load('Flickr', Array)
#1 C:\xampp\htdocs\xampp\flickrcake\lib\Cake\Controller\Controller.php(635): ComponentCollection->init(Object(GalleryController))
#2 C:\xampp\htdocs\xampp\flickrcake\lib\Cake\Routing\Dispatcher.php(99): Controller->constructClasses()
#3 C:\xampp\htdocs\xampp\flickrcake\lib\Cake\Routing\Dispatcher.php(85): Dispatcher->_invoke(Object(GalleryController), Object(CakeRequest), Object(CakeResponse))
#4 C:\xampp\htdocs\xampp\flickrcake\app\webroot\index.php(92): Dispatcher->dispatch(Object(CakeRequest), Object(CakeResponse))
#5 {main}
2012-06-14 06:13:19 Error: [MissingComponentException] Component class FlickrComponent could not be found.
#0 C:\xampp\htdocs\xampp\flickrcake\lib\Cake\Controller\ComponentCollection.php(52): ComponentCollection->load('Flickr', Array)
#1 C:\xampp\htdocs\xampp\flickrcake\lib\Cake\Controller\Controller.php(635): ComponentCollection->init(Object(GalleryController))
#2 C:\xampp\htdocs\xampp\flickrcake\lib\Cake\Routing\Dispatcher.php(99): Controller->constructClasses()
#3 C:\xampp\htdocs\xampp\flickrcake\lib\Cake\Routing\Dispatcher.php(85): Dispatcher->_invoke(Object(GalleryController), Object(CakeRequest), Object(CakeResponse))
#4 C:\xampp\htdocs\xampp\flickrcake\app\webroot\index.php(92): Dispatcher->dispatch(Object(CakeRequest), Object(CakeResponse))
#5 {main}
2012-06-14 06:13:19 Error: [MissingComponentException] Component class FlickrComponent could not be found.
#0 C:\xampp\htdocs\xampp\flickrcake\lib\Cake\Controller\ComponentCollection.php(52): ComponentCollection->load('Flickr', Array)
#1 C:\xampp\htdocs\xampp\flickrcake\lib\Cake\Controller\Controller.php(635): ComponentCollection->init(Object(GalleryController))
#2 C:\xampp\htdocs\xampp\flickrcake\lib\Cake\Routing\Dispatcher.php(99): Controller->constructClasses()
#3 C:\xampp\htdocs\xampp\flickrcake\lib\Cake\Routing\Dispatcher.php(85): Dispatcher->_invoke(Object(GalleryController), Object(CakeRequest), Object(CakeResponse))
#4 C:\xampp\htdocs\xampp\flickrcake\app\webroot\index.php(92): Dispatcher->dispatch(Object(CakeRequest), Object(CakeResponse))
#5 {main}
2012-06-14 06:13:19 Error: [MissingComponentException] Component class FlickrComponent could not be found.
#0 C:\xampp\htdocs\xampp\flickrcake\lib\Cake\Controller\ComponentCollection.php(52): ComponentCollection->load('Flickr', Array)
#1 C:\xampp\htdocs\xampp\flickrcake\lib\Cake\Controller\Controller.php(635): ComponentCollection->init(Object(GalleryController))
#2 C:\xampp\htdocs\xampp\flickrcake\lib\Cake\Routing\Dispatcher.php(99): Controller->constructClasses()
#3 C:\xampp\htdocs\xampp\flickrcake\lib\Cake\Routing\Dispatcher.php(85): Dispatcher->_invoke(Object(GalleryController), Object(CakeRequest), Object(CakeResponse))
#4 C:\xampp\htdocs\xampp\flickrcake\app\webroot\index.php(92): Dispatcher->dispatch(Object(CakeRequest), Object(CakeResponse))
#5 {main}
2012-06-14 06:13:20 Error: [MissingComponentException] Component class FlickrComponent could not be found.
#0 C:\xampp\htdocs\xampp\flickrcake\lib\Cake\Controller\ComponentCollection.php(52): ComponentCollection->load('Flickr', Array)
#1 C:\xampp\htdocs\xampp\flickrcake\lib\Cake\Controller\Controller.php(635): ComponentCollection->init(Object(GalleryController))
#2 C:\xampp\htdocs\xampp\flickrcake\lib\Cake\Routing\Dispatcher.php(99): Controller->constructClasses()
#3 C:\xampp\htdocs\xampp\flickrcake\lib\Cake\Routing\Dispatcher.php(85): Dispatcher->_invoke(Object(GalleryController), Object(CakeRequest), Object(CakeResponse))
#4 C:\xampp\htdocs\xampp\flickrcake\app\webroot\index.php(92): Dispatcher->dispatch(Object(CakeRequest), Object(CakeResponse))
#5 {main}
2012-06-14 06:13:20 Error: [MissingComponentException] Component class FlickrComponent could not be found.
#0 C:\xampp\htdocs\xampp\flickrcake\lib\Cake\Controller\ComponentCollection.php(52): ComponentCollection->load('Flickr', Array)
#1 C:\xampp\htdocs\xampp\flickrcake\lib\Cake\Controller\Controller.php(635): ComponentCollection->init(Object(GalleryController))
#2 C:\xampp\htdocs\xampp\flickrcake\lib\Cake\Routing\Dispatcher.php(99): Controller->constructClasses()
#3 C:\xampp\htdocs\xampp\flickrcake\lib\Cake\Routing\Dispatcher.php(85): Dispatcher->_invoke(Object(GalleryController), Object(CakeRequest), Object(CakeResponse))
#4 C:\xampp\htdocs\xampp\flickrcake\app\webroot\index.php(92): Dispatcher->dispatch(Object(CakeRequest), Object(CakeResponse))
#5 {main}
2012-06-14 06:13:20 Error: [MissingComponentException] Component class FlickrComponent could not be found.
#0 C:\xampp\htdocs\xampp\flickrcake\lib\Cake\Controller\ComponentCollection.php(52): ComponentCollection->load('Flickr', Array)
#1 C:\xampp\htdocs\xampp\flickrcake\lib\Cake\Controller\Controller.php(635): ComponentCollection->init(Object(GalleryController))
#2 C:\xampp\htdocs\xampp\flickrcake\lib\Cake\Routing\Dispatcher.php(99): Controller->constructClasses()
#3 C:\xampp\htdocs\xampp\flickrcake\lib\Cake\Routing\Dispatcher.php(85): Dispatcher->_invoke(Object(GalleryController), Object(CakeRequest), Object(CakeResponse))
#4 C:\xampp\htdocs\xampp\flickrcake\app\webroot\index.php(92): Dispatcher->dispatch(Object(CakeRequest), Object(CakeResponse))
#5 {main}
2012-06-14 06:13:59 Error: [MissingComponentException] Component class FlickrComponent could not be found.
#0 C:\xampp\htdocs\xampp\flickrcake\lib\Cake\Controller\ComponentCollection.php(52): ComponentCollection->load('Flickr', Array)
#1 C:\xampp\htdocs\xampp\flickrcake\lib\Cake\Controller\Controller.php(635): ComponentCollection->init(Object(GalleryController))
#2 C:\xampp\htdocs\xampp\flickrcake\lib\Cake\Routing\Dispatcher.php(99): Controller->constructClasses()
#3 C:\xampp\htdocs\xampp\flickrcake\lib\Cake\Routing\Dispatcher.php(85): Dispatcher->_invoke(Object(GalleryController), Object(CakeRequest), Object(CakeResponse))
#4 C:\xampp\htdocs\xampp\flickrcake\app\webroot\index.php(92): Dispatcher->dispatch(Object(CakeRequest), Object(CakeResponse))
#5 {main}
2012-06-14 06:14:00 Error: [MissingComponentException] Component class FlickrComponent could not be found.
#0 C:\xampp\htdocs\xampp\flickrcake\lib\Cake\Controller\ComponentCollection.php(52): ComponentCollection->load('Flickr', Array)
#1 C:\xampp\htdocs\xampp\flickrcake\lib\Cake\Controller\Controller.php(635): ComponentCollection->init(Object(GalleryController))
#2 C:\xampp\htdocs\xampp\flickrcake\lib\Cake\Routing\Dispatcher.php(99): Controller->constructClasses()
#3 C:\xampp\htdocs\xampp\flickrcake\lib\Cake\Routing\Dispatcher.php(85): Dispatcher->_invoke(Object(GalleryController), Object(CakeRequest), Object(CakeResponse))
#4 C:\xampp\htdocs\xampp\flickrcake\app\webroot\index.php(92): Dispatcher->dispatch(Object(CakeRequest), Object(CakeResponse))
#5 {main}
2012-06-14 06:14:00 Error: [MissingComponentException] Component class FlickrComponent could not be found.
#0 C:\xampp\htdocs\xampp\flickrcake\lib\Cake\Controller\ComponentCollection.php(52): ComponentCollection->load('Flickr', Array)
#1 C:\xampp\htdocs\xampp\flickrcake\lib\Cake\Controller\Controller.php(635): ComponentCollection->init(Object(GalleryController))
#2 C:\xampp\htdocs\xampp\flickrcake\lib\Cake\Routing\Dispatcher.php(99): Controller->constructClasses()
#3 C:\xampp\htdocs\xampp\flickrcake\lib\Cake\Routing\Dispatcher.php(85): Dispatcher->_invoke(Object(GalleryController), Object(CakeRequest), Object(CakeResponse))
#4 C:\xampp\htdocs\xampp\flickrcake\app\webroot\index.php(92): Dispatcher->dispatch(Object(CakeRequest), Object(CakeResponse))
#5 {main}
2012-06-14 06:14:01 Error: [MissingComponentException] Component class FlickrComponent could not be found.
#0 C:\xampp\htdocs\xampp\flickrcake\lib\Cake\Controller\ComponentCollection.php(52): ComponentCollection->load('Flickr', Array)
#1 C:\xampp\htdocs\xampp\flickrcake\lib\Cake\Controller\Controller.php(635): ComponentCollection->init(Object(GalleryController))
#2 C:\xampp\htdocs\xampp\flickrcake\lib\Cake\Routing\Dispatcher.php(99): Controller->constructClasses()
#3 C:\xampp\htdocs\xampp\flickrcake\lib\Cake\Routing\Dispatcher.php(85): Dispatcher->_invoke(Object(GalleryController), Object(CakeRequest), Object(CakeResponse))
#4 C:\xampp\htdocs\xampp\flickrcake\app\webroot\index.php(92): Dispatcher->dispatch(Object(CakeRequest), Object(CakeResponse))
#5 {main}
2012-06-14 06:14:01 Error: [MissingComponentException] Component class FlickrComponent could not be found.
#0 C:\xampp\htdocs\xampp\flickrcake\lib\Cake\Controller\ComponentCollection.php(52): ComponentCollection->load('Flickr', Array)
#1 C:\xampp\htdocs\xampp\flickrcake\lib\Cake\Controller\Controller.php(635): ComponentCollection->init(Object(GalleryController))
#2 C:\xampp\htdocs\xampp\flickrcake\lib\Cake\Routing\Dispatcher.php(99): Controller->constructClasses()
#3 C:\xampp\htdocs\xampp\flickrcake\lib\Cake\Routing\Dispatcher.php(85): Dispatcher->_invoke(Object(GalleryController), Object(CakeRequest), Object(CakeResponse))
#4 C:\xampp\htdocs\xampp\flickrcake\app\webroot\index.php(92): Dispatcher->dispatch(Object(CakeRequest), Object(CakeResponse))
#5 {main}
2012-06-14 06:16:26 Error: [MissingComponentException] Component class FlickrComponent could not be found.
#0 C:\xampp\htdocs\xampp\flickrcake\lib\Cake\Controller\ComponentCollection.php(52): ComponentCollection->load('Flickr', Array)
#1 C:\xampp\htdocs\xampp\flickrcake\lib\Cake\Controller\Controller.php(635): ComponentCollection->init(Object(GalleryController))
#2 C:\xampp\htdocs\xampp\flickrcake\lib\Cake\Routing\Dispatcher.php(99): Controller->constructClasses()
#3 C:\xampp\htdocs\xampp\flickrcake\lib\Cake\Routing\Dispatcher.php(85): Dispatcher->_invoke(Object(GalleryController), Object(CakeRequest), Object(CakeResponse))
#4 C:\xampp\htdocs\xampp\flickrcake\app\webroot\index.php(92): Dispatcher->dispatch(Object(CakeRequest), Object(CakeResponse))
#5 {main}
2012-06-14 06:16:28 Error: [MissingComponentException] Component class FlickrComponent could not be found.
#0 C:\xampp\htdocs\xampp\flickrcake\lib\Cake\Controller\ComponentCollection.php(52): ComponentCollection->load('Flickr', Array)
#1 C:\xampp\htdocs\xampp\flickrcake\lib\Cake\Controller\Controller.php(635): ComponentCollection->init(Object(GalleryController))
#2 C:\xampp\htdocs\xampp\flickrcake\lib\Cake\Routing\Dispatcher.php(99): Controller->constructClasses()
#3 C:\xampp\htdocs\xampp\flickrcake\lib\Cake\Routing\Dispatcher.php(85): Dispatcher->_invoke(Object(GalleryController), Object(CakeRequest), Object(CakeResponse))
#4 C:\xampp\htdocs\xampp\flickrcake\app\webroot\index.php(92): Dispatcher->dispatch(Object(CakeRequest), Object(CakeResponse))
#5 {main}
2012-06-14 06:16:29 Error: [MissingComponentException] Component class FlickrComponent could not be found.
#0 C:\xampp\htdocs\xampp\flickrcake\lib\Cake\Controller\ComponentCollection.php(52): ComponentCollection->load('Flickr', Array)
#1 C:\xampp\htdocs\xampp\flickrcake\lib\Cake\Controller\Controller.php(635): ComponentCollection->init(Object(GalleryController))
#2 C:\xampp\htdocs\xampp\flickrcake\lib\Cake\Routing\Dispatcher.php(99): Controller->constructClasses()
#3 C:\xampp\htdocs\xampp\flickrcake\lib\Cake\Routing\Dispatcher.php(85): Dispatcher->_invoke(Object(GalleryController), Object(CakeRequest), Object(CakeResponse))
#4 C:\xampp\htdocs\xampp\flickrcake\app\webroot\index.php(92): Dispatcher->dispatch(Object(CakeRequest), Object(CakeResponse))
#5 {main}
2012-06-14 06:16:32 Error: [MissingComponentException] Component class FlickrComponent could not be found.
#0 C:\xampp\htdocs\xampp\flickrcake\lib\Cake\Controller\ComponentCollection.php(52): ComponentCollection->load('Flickr', Array)
#1 C:\xampp\htdocs\xampp\flickrcake\lib\Cake\Controller\Controller.php(635): ComponentCollection->init(Object(GalleryController))
#2 C:\xampp\htdocs\xampp\flickrcake\lib\Cake\Routing\Dispatcher.php(99): Controller->constructClasses()
#3 C:\xampp\htdocs\xampp\flickrcake\lib\Cake\Routing\Dispatcher.php(85): Dispatcher->_invoke(Object(GalleryController), Object(CakeRequest), Object(CakeResponse))
#4 C:\xampp\htdocs\xampp\flickrcake\app\webroot\index.php(92): Dispatcher->dispatch(Object(CakeRequest), Object(CakeResponse))
#5 {main}
2012-06-14 08:23:56 Error: [MissingDatasourceException] Datasource class dummy_db could not be found.
#0 C:\xampp\htdocs\xampp\flickrcake\lib\Cake\Model\ConnectionManager.php(97): ConnectionManager::loadDataSource('default')
#1 C:\xampp\htdocs\xampp\flickrcake\lib\Cake\Model\Model.php(3417): ConnectionManager::getDataSource('default')
#2 C:\xampp\htdocs\xampp\flickrcake\lib\Cake\Model\Model.php(1083): Model->setDataSource('default')
#3 C:\xampp\htdocs\xampp\flickrcake\lib\Cake\Model\Model.php(3443): Model->setSource('searches')
#4 C:\xampp\htdocs\xampp\flickrcake\lib\Cake\Model\Model.php(1292): Model->getDataSource()
#5 C:\xampp\htdocs\xampp\flickrcake\lib\Cake\View\Helper\FormHelper.php(196): Model->schema()
#6 C:\xampp\htdocs\xampp\flickrcake\lib\Cake\View\Helper\FormHelper.php(450): FormHelper->_introspectModel('Search', 'fields')
#7 C:\xampp\htdocs\xampp\flickrcake\app\View\Gallery\index.ctp(2): FormHelper->create('Search')
#8 C:\xampp\htdocs\xampp\flickrcake\lib\Cake\View\View.php(910): include('C:\xampp\htdocs...')
#9 C:\xampp\htdocs\xampp\flickrcake\lib\Cake\View\View.php(874): View->_evaluate('C:\xampp\htdocs...', Array)
#10 C:\xampp\htdocs\xampp\flickrcake\lib\Cake\View\View.php(465): View->_render('C:\xampp\htdocs...')
#11 C:\xampp\htdocs\xampp\flickrcake\lib\Cake\Controller\Controller.php(959): View->render(NULL, NULL)
#12 C:\xampp\htdocs\xampp\flickrcake\lib\Cake\Routing\Dispatcher.php(110): Controller->render()
#13 C:\xampp\htdocs\xampp\flickrcake\lib\Cake\Routing\Dispatcher.php(85): Dispatcher->_invoke(Object(GalleryController), Object(CakeRequest), Object(CakeResponse))
#14 C:\xampp\htdocs\xampp\flickrcake\app\webroot\index.php(92): Dispatcher->dispatch(Object(CakeRequest), Object(CakeResponse))
#15 {main}
2012-06-14 08:24:09 Error: [MissingDatasourceException] Datasource class dummy_db could not be found.
#0 C:\xampp\htdocs\xampp\flickrcake\lib\Cake\Model\ConnectionManager.php(97): ConnectionManager::loadDataSource('default')
#1 C:\xampp\htdocs\xampp\flickrcake\lib\Cake\Model\Model.php(3417): ConnectionManager::getDataSource('default')
#2 C:\xampp\htdocs\xampp\flickrcake\lib\Cake\Model\Model.php(1083): Model->setDataSource('default')
#3 C:\xampp\htdocs\xampp\flickrcake\lib\Cake\Model\Model.php(3443): Model->setSource('searches')
#4 C:\xampp\htdocs\xampp\flickrcake\lib\Cake\Model\Model.php(1292): Model->getDataSource()
#5 C:\xampp\htdocs\xampp\flickrcake\lib\Cake\View\Helper\FormHelper.php(196): Model->schema()
#6 C:\xampp\htdocs\xampp\flickrcake\lib\Cake\View\Helper\FormHelper.php(450): FormHelper->_introspectModel('Search', 'fields')
#7 C:\xampp\htdocs\xampp\flickrcake\app\View\Gallery\index.ctp(2): FormHelper->create('Search')
#8 C:\xampp\htdocs\xampp\flickrcake\lib\Cake\View\View.php(910): include('C:\xampp\htdocs...')
#9 C:\xampp\htdocs\xampp\flickrcake\lib\Cake\View\View.php(874): View->_evaluate('C:\xampp\htdocs...', Array)
#10 C:\xampp\htdocs\xampp\flickrcake\lib\Cake\View\View.php(465): View->_render('C:\xampp\htdocs...')
#11 C:\xampp\htdocs\xampp\flickrcake\lib\Cake\Controller\Controller.php(959): View->render(NULL, NULL)
#12 C:\xampp\htdocs\xampp\flickrcake\lib\Cake\Routing\Dispatcher.php(110): Controller->render()
#13 C:\xampp\htdocs\xampp\flickrcake\lib\Cake\Routing\Dispatcher.php(85): Dispatcher->_invoke(Object(GalleryController), Object(CakeRequest), Object(CakeResponse))
#14 C:\xampp\htdocs\xampp\flickrcake\app\webroot\index.php(92): Dispatcher->dispatch(Object(CakeRequest), Object(CakeResponse))
#15 {main}
2012-06-14 08:24:40 Error: [MissingDatasourceException] Datasource class dummy_db could not be found.
#0 C:\xampp\htdocs\xampp\flickrcake\lib\Cake\Model\ConnectionManager.php(97): ConnectionManager::loadDataSource('default')
#1 C:\xampp\htdocs\xampp\flickrcake\lib\Cake\Model\Model.php(3417): ConnectionManager::getDataSource('default')
#2 C:\xampp\htdocs\xampp\flickrcake\lib\Cake\Model\Model.php(1083): Model->setDataSource('default')
#3 C:\xampp\htdocs\xampp\flickrcake\lib\Cake\Model\Model.php(3443): Model->setSource('searches')
#4 C:\xampp\htdocs\xampp\flickrcake\lib\Cake\Model\Model.php(1292): Model->getDataSource()
#5 C:\xampp\htdocs\xampp\flickrcake\lib\Cake\View\Helper\FormHelper.php(196): Model->schema()
#6 C:\xampp\htdocs\xampp\flickrcake\lib\Cake\View\Helper\FormHelper.php(450): FormHelper->_introspectModel('Search', 'fields')
#7 C:\xampp\htdocs\xampp\flickrcake\app\View\Gallery\index.ctp(2): FormHelper->create('Search')
#8 C:\xampp\htdocs\xampp\flickrcake\lib\Cake\View\View.php(910): include('C:\xampp\htdocs...')
#9 C:\xampp\htdocs\xampp\flickrcake\lib\Cake\View\View.php(874): View->_evaluate('C:\xampp\htdocs...', Array)
#10 C:\xampp\htdocs\xampp\flickrcake\lib\Cake\View\View.php(465): View->_render('C:\xampp\htdocs...')
#11 C:\xampp\htdocs\xampp\flickrcake\lib\Cake\Controller\Controller.php(959): View->render(NULL, NULL)
#12 C:\xampp\htdocs\xampp\flickrcake\lib\Cake\Routing\Dispatcher.php(110): Controller->render()
#13 C:\xampp\htdocs\xampp\flickrcake\lib\Cake\Routing\Dispatcher.php(85): Dispatcher->_invoke(Object(GalleryController), Object(CakeRequest), Object(CakeResponse))
#14 C:\xampp\htdocs\xampp\flickrcake\app\webroot\index.php(92): Dispatcher->dispatch(Object(CakeRequest), Object(CakeResponse))
#15 {main}
2012-06-14 08:24:41 Error: [MissingDatasourceException] Datasource class dummy_db could not be found.
#0 C:\xampp\htdocs\xampp\flickrcake\lib\Cake\Model\ConnectionManager.php(97): ConnectionManager::loadDataSource('default')
#1 C:\xampp\htdocs\xampp\flickrcake\lib\Cake\Model\Model.php(3417): ConnectionManager::getDataSource('default')
#2 C:\xampp\htdocs\xampp\flickrcake\lib\Cake\Model\Model.php(1083): Model->setDataSource('default')
#3 C:\xampp\htdocs\xampp\flickrcake\lib\Cake\Model\Model.php(3443): Model->setSource('searches')
#4 C:\xampp\htdocs\xampp\flickrcake\lib\Cake\Model\Model.php(1292): Model->getDataSource()
#5 C:\xampp\htdocs\xampp\flickrcake\lib\Cake\View\Helper\FormHelper.php(196): Model->schema()
#6 C:\xampp\htdocs\xampp\flickrcake\lib\Cake\View\Helper\FormHelper.php(450): FormHelper->_introspectModel('Search', 'fields')
#7 C:\xampp\htdocs\xampp\flickrcake\app\View\Gallery\index.ctp(2): FormHelper->create('Search')
#8 C:\xampp\htdocs\xampp\flickrcake\lib\Cake\View\View.php(910): include('C:\xampp\htdocs...')
#9 C:\xampp\htdocs\xampp\flickrcake\lib\Cake\View\View.php(874): View->_evaluate('C:\xampp\htdocs...', Array)
#10 C:\xampp\htdocs\xampp\flickrcake\lib\Cake\View\View.php(465): View->_render('C:\xampp\htdocs...')
#11 C:\xampp\htdocs\xampp\flickrcake\lib\Cake\Controller\Controller.php(959): View->render(NULL, NULL)
#12 C:\xampp\htdocs\xampp\flickrcake\lib\Cake\Routing\Dispatcher.php(110): Controller->render()
#13 C:\xampp\htdocs\xampp\flickrcake\lib\Cake\Routing\Dispatcher.php(85): Dispatcher->_invoke(Object(GalleryController), Object(CakeRequest), Object(CakeResponse))
#14 C:\xampp\htdocs\xampp\flickrcake\app\webroot\index.php(92): Dispatcher->dispatch(Object(CakeRequest), Object(CakeResponse))
#15 {main}
2012-06-14 08:24:42 Error: [MissingDatasourceException] Datasource class dummy_db could not be found.
#0 C:\xampp\htdocs\xampp\flickrcake\lib\Cake\Model\ConnectionManager.php(97): ConnectionManager::loadDataSource('default')
#1 C:\xampp\htdocs\xampp\flickrcake\lib\Cake\Model\Model.php(3417): ConnectionManager::getDataSource('default')
#2 C:\xampp\htdocs\xampp\flickrcake\lib\Cake\Model\Model.php(1083): Model->setDataSource('default')
#3 C:\xampp\htdocs\xampp\flickrcake\lib\Cake\Model\Model.php(3443): Model->setSource('searches')
#4 C:\xampp\htdocs\xampp\flickrcake\lib\Cake\Model\Model.php(1292): Model->getDataSource()
#5 C:\xampp\htdocs\xampp\flickrcake\lib\Cake\View\Helper\FormHelper.php(196): Model->schema()
#6 C:\xampp\htdocs\xampp\flickrcake\lib\Cake\View\Helper\FormHelper.php(450): FormHelper->_introspectModel('Search', 'fields')
#7 C:\xampp\htdocs\xampp\flickrcake\app\View\Gallery\index.ctp(2): FormHelper->create('Search')
#8 C:\xampp\htdocs\xampp\flickrcake\lib\Cake\View\View.php(910): include('C:\xampp\htdocs...')
#9 C:\xampp\htdocs\xampp\flickrcake\lib\Cake\View\View.php(874): View->_evaluate('C:\xampp\htdocs...', Array)
#10 C:\xampp\htdocs\xampp\flickrcake\lib\Cake\View\View.php(465): View->_render('C:\xampp\htdocs...')
#11 C:\xampp\htdocs\xampp\flickrcake\lib\Cake\Controller\Controller.php(959): View->render(NULL, NULL)
#12 C:\xampp\htdocs\xampp\flickrcake\lib\Cake\Routing\Dispatcher.php(110): Controller->render()
#13 C:\xampp\htdocs\xampp\flickrcake\lib\Cake\Routing\Dispatcher.php(85): Dispatcher->_invoke(Object(GalleryController), Object(CakeRequest), Object(CakeResponse))
#14 C:\xampp\htdocs\xampp\flickrcake\app\webroot\index.php(92): Dispatcher->dispatch(Object(CakeRequest), Object(CakeResponse))
#15 {main}
2012-06-14 08:25:08 Error: [MissingDatasourceException] Datasource class dummy_db could not be found.
#0 C:\xampp\htdocs\xampp\flickrcake\lib\Cake\Model\ConnectionManager.php(97): ConnectionManager::loadDataSource('default')
#1 C:\xampp\htdocs\xampp\flickrcake\lib\Cake\Model\Model.php(3417): ConnectionManager::getDataSource('default')
#2 C:\xampp\htdocs\xampp\flickrcake\lib\Cake\Model\Model.php(1083): Model->setDataSource('default')
#3 C:\xampp\htdocs\xampp\flickrcake\lib\Cake\Model\Model.php(3443): Model->setSource('searches')
#4 C:\xampp\htdocs\xampp\flickrcake\lib\Cake\Model\Model.php(1292): Model->getDataSource()
#5 C:\xampp\htdocs\xampp\flickrcake\lib\Cake\View\Helper\FormHelper.php(196): Model->schema()
#6 C:\xampp\htdocs\xampp\flickrcake\lib\Cake\View\Helper\FormHelper.php(450): FormHelper->_introspectModel('Search', 'fields')
#7 C:\xampp\htdocs\xampp\flickrcake\app\View\Gallery\index.ctp(2): FormHelper->create('Search')
#8 C:\xampp\htdocs\xampp\flickrcake\lib\Cake\View\View.php(910): include('C:\xampp\htdocs...')
#9 C:\xampp\htdocs\xampp\flickrcake\lib\Cake\View\View.php(874): View->_evaluate('C:\xampp\htdocs...', Array)
#10 C:\xampp\htdocs\xampp\flickrcake\lib\Cake\View\View.php(465): View->_render('C:\xampp\htdocs...')
#11 C:\xampp\htdocs\xampp\flickrcake\lib\Cake\Controller\Controller.php(959): View->render(NULL, NULL)
#12 C:\xampp\htdocs\xampp\flickrcake\lib\Cake\Routing\Dispatcher.php(110): Controller->render()
#13 C:\xampp\htdocs\xampp\flickrcake\lib\Cake\Routing\Dispatcher.php(85): Dispatcher->_invoke(Object(GalleryController), Object(CakeRequest), Object(CakeResponse))
#14 C:\xampp\htdocs\xampp\flickrcake\app\webroot\index.php(92): Dispatcher->dispatch(Object(CakeRequest), Object(CakeResponse))
#15 {main}
2012-06-14 08:25:09 Error: [MissingDatasourceException] Datasource class dummy_db could not be found.
#0 C:\xampp\htdocs\xampp\flickrcake\lib\Cake\Model\ConnectionManager.php(97): ConnectionManager::loadDataSource('default')
#1 C:\xampp\htdocs\xampp\flickrcake\lib\Cake\Model\Model.php(3417): ConnectionManager::getDataSource('default')
#2 C:\xampp\htdocs\xampp\flickrcake\lib\Cake\Model\Model.php(1083): Model->setDataSource('default')
#3 C:\xampp\htdocs\xampp\flickrcake\lib\Cake\Model\Model.php(3443): Model->setSource('searches')
#4 C:\xampp\htdocs\xampp\flickrcake\lib\Cake\Model\Model.php(1292): Model->getDataSource()
#5 C:\xampp\htdocs\xampp\flickrcake\lib\Cake\View\Helper\FormHelper.php(196): Model->schema()
#6 C:\xampp\htdocs\xampp\flickrcake\lib\Cake\View\Helper\FormHelper.php(450): FormHelper->_introspectModel('Search', 'fields')
#7 C:\xampp\htdocs\xampp\flickrcake\app\View\Gallery\index.ctp(2): FormHelper->create('Search')
#8 C:\xampp\htdocs\xampp\flickrcake\lib\Cake\View\View.php(910): include('C:\xampp\htdocs...')
#9 C:\xampp\htdocs\xampp\flickrcake\lib\Cake\View\View.php(874): View->_evaluate('C:\xampp\htdocs...', Array)
#10 C:\xampp\htdocs\xampp\flickrcake\lib\Cake\View\View.php(465): View->_render('C:\xampp\htdocs...')
#11 C:\xampp\htdocs\xampp\flickrcake\lib\Cake\Controller\Controller.php(959): View->render(NULL, NULL)
#12 C:\xampp\htdocs\xampp\flickrcake\lib\Cake\Routing\Dispatcher.php(110): Controller->render()
#13 C:\xampp\htdocs\xampp\flickrcake\lib\Cake\Routing\Dispatcher.php(85): Dispatcher->_invoke(Object(GalleryController), Object(CakeRequest), Object(CakeResponse))
#14 C:\xampp\htdocs\xampp\flickrcake\app\webroot\index.php(92): Dispatcher->dispatch(Object(CakeRequest), Object(CakeResponse))
#15 {main}
2012-06-14 08:25:09 Error: [MissingDatasourceException] Datasource class dummy_db could not be found.
#0 C:\xampp\htdocs\xampp\flickrcake\lib\Cake\Model\ConnectionManager.php(97): ConnectionManager::loadDataSource('default')
#1 C:\xampp\htdocs\xampp\flickrcake\lib\Cake\Model\Model.php(3417): ConnectionManager::getDataSource('default')
#2 C:\xampp\htdocs\xampp\flickrcake\lib\Cake\Model\Model.php(1083): Model->setDataSource('default')
#3 C:\xampp\htdocs\xampp\flickrcake\lib\Cake\Model\Model.php(3443): Model->setSource('searches')
#4 C:\xampp\htdocs\xampp\flickrcake\lib\Cake\Model\Model.php(1292): Model->getDataSource()
#5 C:\xampp\htdocs\xampp\flickrcake\lib\Cake\View\Helper\FormHelper.php(196): Model->schema()
#6 C:\xampp\htdocs\xampp\flickrcake\lib\Cake\View\Helper\FormHelper.php(450): FormHelper->_introspectModel('Search', 'fields')
#7 C:\xampp\htdocs\xampp\flickrcake\app\View\Gallery\index.ctp(2): FormHelper->create('Search')
#8 C:\xampp\htdocs\xampp\flickrcake\lib\Cake\View\View.php(910): include('C:\xampp\htdocs...')
#9 C:\xampp\htdocs\xampp\flickrcake\lib\Cake\View\View.php(874): View->_evaluate('C:\xampp\htdocs...', Array)
#10 C:\xampp\htdocs\xampp\flickrcake\lib\Cake\View\View.php(465): View->_render('C:\xampp\htdocs...')
#11 C:\xampp\htdocs\xampp\flickrcake\lib\Cake\Controller\Controller.php(959): View->render(NULL, NULL)
#12 C:\xampp\htdocs\xampp\flickrcake\lib\Cake\Routing\Dispatcher.php(110): Controller->render()
#13 C:\xampp\htdocs\xampp\flickrcake\lib\Cake\Routing\Dispatcher.php(85): Dispatcher->_invoke(Object(GalleryController), Object(CakeRequest), Object(CakeResponse))
#14 C:\xampp\htdocs\xampp\flickrcake\app\webroot\index.php(92): Dispatcher->dispatch(Object(CakeRequest), Object(CakeResponse))
#15 {main}
2012-06-14 08:25:10 Error: [MissingDatasourceException] Datasource class dummy_db could not be found.
#0 C:\xampp\htdocs\xampp\flickrcake\lib\Cake\Model\ConnectionManager.php(97): ConnectionManager::loadDataSource('default')
#1 C:\xampp\htdocs\xampp\flickrcake\lib\Cake\Model\Model.php(3417): ConnectionManager::getDataSource('default')
#2 C:\xampp\htdocs\xampp\flickrcake\lib\Cake\Model\Model.php(1083): Model->setDataSource('default')
#3 C:\xampp\htdocs\xampp\flickrcake\lib\Cake\Model\Model.php(3443): Model->setSource('searches')
#4 C:\xampp\htdocs\xampp\flickrcake\lib\Cake\Model\Model.php(1292): Model->getDataSource()
#5 C:\xampp\htdocs\xampp\flickrcake\lib\Cake\View\Helper\FormHelper.php(196): Model->schema()
#6 C:\xampp\htdocs\xampp\flickrcake\lib\Cake\View\Helper\FormHelper.php(450): FormHelper->_introspectModel('Search', 'fields')
#7 C:\xampp\htdocs\xampp\flickrcake\app\View\Gallery\index.ctp(2): FormHelper->create('Search')
#8 C:\xampp\htdocs\xampp\flickrcake\lib\Cake\View\View.php(910): include('C:\xampp\htdocs...')
#9 C:\xampp\htdocs\xampp\flickrcake\lib\Cake\View\View.php(874): View->_evaluate('C:\xampp\htdocs...', Array)
#10 C:\xampp\htdocs\xampp\flickrcake\lib\Cake\View\View.php(465): View->_render('C:\xampp\htdocs...')
#11 C:\xampp\htdocs\xampp\flickrcake\lib\Cake\Controller\Controller.php(959): View->render(NULL, NULL)
#12 C:\xampp\htdocs\xampp\flickrcake\lib\Cake\Routing\Dispatcher.php(110): Controller->render()
#13 C:\xampp\htdocs\xampp\flickrcake\lib\Cake\Routing\Dispatcher.php(85): Dispatcher->_invoke(Object(GalleryController), Object(CakeRequest), Object(CakeResponse))
#14 C:\xampp\htdocs\xampp\flickrcake\app\webroot\index.php(92): Dispatcher->dispatch(Object(CakeRequest), Object(CakeResponse))
#15 {main}
2012-06-14 08:25:12 Error: [MissingDatasourceException] Datasource class dummy_db could not be found.
#0 C:\xampp\htdocs\xampp\flickrcake\lib\Cake\Model\ConnectionManager.php(97): ConnectionManager::loadDataSource('default')
#1 C:\xampp\htdocs\xampp\flickrcake\lib\Cake\Model\Model.php(3417): ConnectionManager::getDataSource('default')
#2 C:\xampp\htdocs\xampp\flickrcake\lib\Cake\Model\Model.php(1083): Model->setDataSource('default')
#3 C:\xampp\htdocs\xampp\flickrcake\lib\Cake\Model\Model.php(3443): Model->setSource('searches')
#4 C:\xampp\htdocs\xampp\flickrcake\lib\Cake\Model\Model.php(1292): Model->getDataSource()
#5 C:\xampp\htdocs\xampp\flickrcake\lib\Cake\View\Helper\FormHelper.php(196): Model->schema()
#6 C:\xampp\htdocs\xampp\flickrcake\lib\Cake\View\Helper\FormHelper.php(450): FormHelper->_introspectModel('Search', 'fields')
#7 C:\xampp\htdocs\xampp\flickrcake\app\View\Gallery\index.ctp(2): FormHelper->create('Search')
#8 C:\xampp\htdocs\xampp\flickrcake\lib\Cake\View\View.php(910): include('C:\xampp\htdocs...')
#9 C:\xampp\htdocs\xampp\flickrcake\lib\Cake\View\View.php(874): View->_evaluate('C:\xampp\htdocs...', Array)
#10 C:\xampp\htdocs\xampp\flickrcake\lib\Cake\View\View.php(465): View->_render('C:\xampp\htdocs...')
#11 C:\xampp\htdocs\xampp\flickrcake\lib\Cake\Controller\Controller.php(959): View->render(NULL, NULL)
#12 C:\xampp\htdocs\xampp\flickrcake\lib\Cake\Routing\Dispatcher.php(110): Controller->render()
#13 C:\xampp\htdocs\xampp\flickrcake\lib\Cake\Routing\Dispatcher.php(85): Dispatcher->_invoke(Object(GalleryController), Object(CakeRequest), Object(CakeResponse))
#14 C:\xampp\htdocs\xampp\flickrcake\app\webroot\index.php(92): Dispatcher->dispatch(Object(CakeRequest), Object(CakeResponse))
#15 {main}
2012-06-14 08:25:17 Error: [MissingDatasourceException] Datasource class dummy_db could not be found.
#0 C:\xampp\htdocs\xampp\flickrcake\lib\Cake\Model\ConnectionManager.php(97): ConnectionManager::loadDataSource('default')
#1 C:\xampp\htdocs\xampp\flickrcake\lib\Cake\Model\Model.php(3417): ConnectionManager::getDataSource('default')
#2 C:\xampp\htdocs\xampp\flickrcake\lib\Cake\Model\Model.php(1083): Model->setDataSource('default')
#3 C:\xampp\htdocs\xampp\flickrcake\lib\Cake\Model\Model.php(3443): Model->setSource('searches')
#4 C:\xampp\htdocs\xampp\flickrcake\lib\Cake\Model\Model.php(1292): Model->getDataSource()
#5 C:\xampp\htdocs\xampp\flickrcake\lib\Cake\View\Helper\FormHelper.php(196): Model->schema()
#6 C:\xampp\htdocs\xampp\flickrcake\lib\Cake\View\Helper\FormHelper.php(450): FormHelper->_introspectModel('Search', 'fields')
#7 C:\xampp\htdocs\xampp\flickrcake\app\View\Gallery\index.ctp(2): FormHelper->create('Search')
#8 C:\xampp\htdocs\xampp\flickrcake\lib\Cake\View\View.php(910): include('C:\xampp\htdocs...')
#9 C:\xampp\htdocs\xampp\flickrcake\lib\Cake\View\View.php(874): View->_evaluate('C:\xampp\htdocs...', Array)
#10 C:\xampp\htdocs\xampp\flickrcake\lib\Cake\View\View.php(465): View->_render('C:\xampp\htdocs...')
#11 C:\xampp\htdocs\xampp\flickrcake\lib\Cake\Controller\Controller.php(959): View->render(NULL, NULL)
#12 C:\xampp\htdocs\xampp\flickrcake\lib\Cake\Routing\Dispatcher.php(110): Controller->render()
#13 C:\xampp\htdocs\xampp\flickrcake\lib\Cake\Routing\Dispatcher.php(85): Dispatcher->_invoke(Object(GalleryController), Object(CakeRequest), Object(CakeResponse))
#14 C:\xampp\htdocs\xampp\flickrcake\app\webroot\index.php(92): Dispatcher->dispatch(Object(CakeRequest), Object(CakeResponse))
#15 {main}
2012-06-14 08:48:46 Error: [MissingControllerException] Controller class PostsController could not be found.
#0 C:\xampp\htdocs\xampp\flickrcake\app\webroot\index.php(92): Dispatcher->dispatch(Object(CakeRequest), Object(CakeResponse))
#1 {main}
2012-06-14 08:49:30 Error: [MissingDatasourceException] Datasource class dummy_db could not be found.
#0 C:\xampp\htdocs\xampp\flickrcake\lib\Cake\Model\ConnectionManager.php(97): ConnectionManager::loadDataSource('default')
#1 C:\xampp\htdocs\xampp\flickrcake\lib\Cake\Model\Model.php(3417): ConnectionManager::getDataSource('default')
#2 C:\xampp\htdocs\xampp\flickrcake\lib\Cake\Model\Model.php(1083): Model->setDataSource('default')
#3 C:\xampp\htdocs\xampp\flickrcake\lib\Cake\Model\Model.php(3443): Model->setSource('galleries')
#4 C:\xampp\htdocs\xampp\flickrcake\lib\Cake\Model\Model.php(1292): Model->getDataSource()
#5 C:\xampp\htdocs\xampp\flickrcake\lib\Cake\View\Helper\FormHelper.php(196): Model->schema()
#6 C:\xampp\htdocs\xampp\flickrcake\lib\Cake\View\Helper\FormHelper.php(450): FormHelper->_introspectModel('Gallery', 'fields')
#7 C:\xampp\htdocs\xampp\flickrcake\app\View\Gallery\index.ctp(2): FormHelper->create('Gallery', Array)
#8 C:\xampp\htdocs\xampp\flickrcake\lib\Cake\View\View.php(910): include('C:\xampp\htdocs...')
#9 C:\xampp\htdocs\xampp\flickrcake\lib\Cake\View\View.php(874): View->_evaluate('C:\xampp\htdocs...', Array)
#10 C:\xampp\htdocs\xampp\flickrcake\lib\Cake\View\View.php(465): View->_render('C:\xampp\htdocs...')
#11 C:\xampp\htdocs\xampp\flickrcake\lib\Cake\Controller\Controller.php(959): View->render(NULL, NULL)
#12 C:\xampp\htdocs\xampp\flickrcake\lib\Cake\Routing\Dispatcher.php(110): Controller->render()
#13 C:\xampp\htdocs\xampp\flickrcake\lib\Cake\Routing\Dispatcher.php(85): Dispatcher->_invoke(Object(GalleryController), Object(CakeRequest), Object(CakeResponse))
#14 C:\xampp\htdocs\xampp\flickrcake\app\webroot\index.php(92): Dispatcher->dispatch(Object(CakeRequest), Object(CakeResponse))
#15 {main}
2012-06-14 08:49:42 Error: [MissingControllerException] Controller class SearchesController could not be found.
#0 C:\xampp\htdocs\xampp\flickrcake\app\webroot\index.php(92): Dispatcher->dispatch(Object(CakeRequest), Object(CakeResponse))
#1 {main}
2012-06-14 08:52:22 Error: [MissingControllerException] Controller class GalleryController could not be found.
#0 C:\xampp\htdocs\xampp\flickrcake\app\webroot\index.php(92): Dispatcher->dispatch(Object(CakeRequest), Object(CakeResponse))
#1 {main}
2012-06-14 08:52:24 Error: [MissingControllerException] Controller class GalleryController could not be found.
#0 C:\xampp\htdocs\xampp\flickrcake\app\webroot\index.php(92): Dispatcher->dispatch(Object(CakeRequest), Object(CakeResponse))
#1 {main}
2012-06-14 08:52:25 Error: [MissingControllerException] Controller class GalleryController could not be found.
#0 C:\xampp\htdocs\xampp\flickrcake\app\webroot\index.php(92): Dispatcher->dispatch(Object(CakeRequest), Object(CakeResponse))
#1 {main}
2012-06-14 08:52:26 Error: [MissingControllerException] Controller class GalleryController could not be found.
#0 C:\xampp\htdocs\xampp\flickrcake\app\webroot\index.php(92): Dispatcher->dispatch(Object(CakeRequest), Object(CakeResponse))
#1 {main}
2012-06-14 08:53:04 Error: [MissingControllerException] Controller class GalleryController could not be found.
#0 C:\xampp\htdocs\xampp\flickrcake\app\webroot\index.php(92): Dispatcher->dispatch(Object(CakeRequest), Object(CakeResponse))
#1 {main}
2012-06-14 08:53:45 Error: [MissingControllerException] Controller class GalleryController could not be found.
#0 C:\xampp\htdocs\xampp\flickrcake\app\webroot\index.php(92): Dispatcher->dispatch(Object(CakeRequest), Object(CakeResponse))
#1 {main}
2012-06-14 08:53:46 Error: [MissingControllerException] Controller class GalleryController could not be found.
#0 C:\xampp\htdocs\xampp\flickrcake\app\webroot\index.php(92): Dispatcher->dispatch(Object(CakeRequest), Object(CakeResponse))
#1 {main}
2012-06-14 08:54:13 Error: [MissingControllerException] Controller class GalleryController could not be found.
#0 C:\xampp\htdocs\xampp\flickrcake\app\webroot\index.php(92): Dispatcher->dispatch(Object(CakeRequest), Object(CakeResponse))
#1 {main}
2012-06-14 08:55:37 Error: [MissingControllerException] Controller class GalleryController could not be found.
#0 C:\xampp\htdocs\xampp\flickrcake\app\webroot\index.php(92): Dispatcher->dispatch(Object(CakeRequest), Object(CakeResponse))
#1 {main}
2012-06-14 08:55:38 Error: [MissingControllerException] Controller class GalleryController could not be found.
#0 C:\xampp\htdocs\xampp\flickrcake\app\webroot\index.php(92): Dispatcher->dispatch(Object(CakeRequest), Object(CakeResponse))
#1 {main}
2012-06-14 08:55:38 Error: [MissingControllerException] Controller class GalleryController could not be found.
#0 C:\xampp\htdocs\xampp\flickrcake\app\webroot\index.php(92): Dispatcher->dispatch(Object(CakeRequest), Object(CakeResponse))
#1 {main}
2012-06-14 08:55:39 Error: [MissingControllerException] Controller class GalleryController could not be found.
#0 C:\xampp\htdocs\xampp\flickrcake\app\webroot\index.php(92): Dispatcher->dispatch(Object(CakeRequest), Object(CakeResponse))
#1 {main}
2012-06-14 08:55:39 Error: [MissingControllerException] Controller class GalleryController could not be found.
#0 C:\xampp\htdocs\xampp\flickrcake\app\webroot\index.php(92): Dispatcher->dispatch(Object(CakeRequest), Object(CakeResponse))
#1 {main}
2012-06-14 08:55:39 Error: [MissingControllerException] Controller class GalleryController could not be found.
#0 C:\xampp\htdocs\xampp\flickrcake\app\webroot\index.php(92): Dispatcher->dispatch(Object(CakeRequest), Object(CakeResponse))
#1 {main}
2012-06-14 08:55:39 Error: [MissingControllerException] Controller class GalleryController could not be found.
#0 C:\xampp\htdocs\xampp\flickrcake\app\webroot\index.php(92): Dispatcher->dispatch(Object(CakeRequest), Object(CakeResponse))
#1 {main}
2012-06-14 08:55:40 Error: [MissingControllerException] Controller class GalleryController could not be found.
#0 C:\xampp\htdocs\xampp\flickrcake\app\webroot\index.php(92): Dispatcher->dispatch(Object(CakeRequest), Object(CakeResponse))
#1 {main}
2012-06-14 08:55:40 Error: [MissingControllerException] Controller class GalleryController could not be found.
#0 C:\xampp\htdocs\xampp\flickrcake\app\webroot\index.php(92): Dispatcher->dispatch(Object(CakeRequest), Object(CakeResponse))
#1 {main}
2012-06-14 08:55:40 Error: [MissingControllerException] Controller class GalleryController could not be found.
#0 C:\xampp\htdocs\xampp\flickrcake\app\webroot\index.php(92): Dispatcher->dispatch(Object(CakeRequest), Object(CakeResponse))
#1 {main}
2012-06-14 08:55:40 Error: [MissingControllerException] Controller class GalleryController could not be found.
#0 C:\xampp\htdocs\xampp\flickrcake\app\webroot\index.php(92): Dispatcher->dispatch(Object(CakeRequest), Object(CakeResponse))
#1 {main}
2012-06-14 08:55:41 Error: [MissingControllerException] Controller class GalleryController could not be found.
#0 C:\xampp\htdocs\xampp\flickrcake\app\webroot\index.php(92): Dispatcher->dispatch(Object(CakeRequest), Object(CakeResponse))
#1 {main}
2012-06-14 08:55:41 Error: [MissingControllerException] Controller class GalleryController could not be found.
#0 C:\xampp\htdocs\xampp\flickrcake\app\webroot\index.php(92): Dispatcher->dispatch(Object(CakeRequest), Object(CakeResponse))
#1 {main}
2012-06-14 08:55:41 Error: [MissingControllerException] Controller class GalleryController could not be found.
#0 C:\xampp\htdocs\xampp\flickrcake\app\webroot\index.php(92): Dispatcher->dispatch(Object(CakeRequest), Object(CakeResponse))
#1 {main}
2012-06-14 08:55:58 Error: [MissingControllerException] Controller class PhotoController could not be found.
#0 C:\xampp\htdocs\xampp\flickrcake\app\webroot\index.php(92): Dispatcher->dispatch(Object(CakeRequest), Object(CakeResponse))
#1 {main}
2012-06-14 08:55:59 Error: [MissingControllerException] Controller class PhotoController could not be found.
#0 C:\xampp\htdocs\xampp\flickrcake\app\webroot\index.php(92): Dispatcher->dispatch(Object(CakeRequest), Object(CakeResponse))
#1 {main}
2012-06-14 08:56:08 Error: [MissingViewException] View file "C:\xampp\htdocs\xampp\flickrcake\app\View\Photos\index.ctp" is missing.
#0 C:\xampp\htdocs\xampp\flickrcake\lib\Cake\View\View.php(462): View->_getViewFileName(NULL)
#1 C:\xampp\htdocs\xampp\flickrcake\lib\Cake\Controller\Controller.php(959): View->render(NULL, NULL)
#2 C:\xampp\htdocs\xampp\flickrcake\lib\Cake\Routing\Dispatcher.php(110): Controller->render()
#3 C:\xampp\htdocs\xampp\flickrcake\lib\Cake\Routing\Dispatcher.php(85): Dispatcher->_invoke(Object(PhotosController), Object(CakeRequest), Object(CakeResponse))
#4 C:\xampp\htdocs\xampp\flickrcake\app\webroot\index.php(92): Dispatcher->dispatch(Object(CakeRequest), Object(CakeResponse))
#5 {main}
2012-06-14 08:56:32 Error: [MissingDatasourceException] Datasource class dummy_db could not be found.
#0 C:\xampp\htdocs\xampp\flickrcake\lib\Cake\Model\ConnectionManager.php(97): ConnectionManager::loadDataSource('default')
#1 C:\xampp\htdocs\xampp\flickrcake\lib\Cake\Model\Model.php(3417): ConnectionManager::getDataSource('default')
#2 C:\xampp\htdocs\xampp\flickrcake\lib\Cake\Model\Model.php(1083): Model->setDataSource('default')
#3 C:\xampp\htdocs\xampp\flickrcake\lib\Cake\Model\Model.php(3443): Model->setSource('photos')
#4 C:\xampp\htdocs\xampp\flickrcake\lib\Cake\Model\Model.php(1292): Model->getDataSource()
#5 C:\xampp\htdocs\xampp\flickrcake\lib\Cake\View\Helper\FormHelper.php(196): Model->schema()
#6 C:\xampp\htdocs\xampp\flickrcake\lib\Cake\View\Helper\FormHelper.php(450): FormHelper->_introspectModel('Photo', 'fields')
#7 C:\xampp\htdocs\xampp\flickrcake\app\View\Photos\index.ctp(2): FormHelper->create('Photo', Array)
#8 C:\xampp\htdocs\xampp\flickrcake\lib\Cake\View\View.php(910): include('C:\xampp\htdocs...')
#9 C:\xampp\htdocs\xampp\flickrcake\lib\Cake\View\View.php(874): View->_evaluate('C:\xampp\htdocs...', Array)
#10 C:\xampp\htdocs\xampp\flickrcake\lib\Cake\View\View.php(465): View->_render('C:\xampp\htdocs...')
#11 C:\xampp\htdocs\xampp\flickrcake\lib\Cake\Controller\Controller.php(959): View->render(NULL, NULL)
#12 C:\xampp\htdocs\xampp\flickrcake\lib\Cake\Routing\Dispatcher.php(110): Controller->render()
#13 C:\xampp\htdocs\xampp\flickrcake\lib\Cake\Routing\Dispatcher.php(85): Dispatcher->_invoke(Object(PhotosController), Object(CakeRequest), Object(CakeResponse))
#14 C:\xampp\htdocs\xampp\flickrcake\app\webroot\index.php(92): Dispatcher->dispatch(Object(CakeRequest), Object(CakeResponse))
#15 {main}
2012-06-14 08:56:33 Error: [MissingDatasourceException] Datasource class dummy_db could not be found.
#0 C:\xampp\htdocs\xampp\flickrcake\lib\Cake\Model\ConnectionManager.php(97): ConnectionManager::loadDataSource('default')
#1 C:\xampp\htdocs\xampp\flickrcake\lib\Cake\Model\Model.php(3417): ConnectionManager::getDataSource('default')
#2 C:\xampp\htdocs\xampp\flickrcake\lib\Cake\Model\Model.php(1083): Model->setDataSource('default')
#3 C:\xampp\htdocs\xampp\flickrcake\lib\Cake\Model\Model.php(3443): Model->setSource('photos')
#4 C:\xampp\htdocs\xampp\flickrcake\lib\Cake\Model\Model.php(1292): Model->getDataSource()
#5 C:\xampp\htdocs\xampp\flickrcake\lib\Cake\View\Helper\FormHelper.php(196): Model->schema()
#6 C:\xampp\htdocs\xampp\flickrcake\lib\Cake\View\Helper\FormHelper.php(450): FormHelper->_introspectModel('Photo', 'fields')
#7 C:\xampp\htdocs\xampp\flickrcake\app\View\Photos\index.ctp(2): FormHelper->create('Photo', Array)
#8 C:\xampp\htdocs\xampp\flickrcake\lib\Cake\View\View.php(910): include('C:\xampp\htdocs...')
#9 C:\xampp\htdocs\xampp\flickrcake\lib\Cake\View\View.php(874): View->_evaluate('C:\xampp\htdocs...', Array)
#10 C:\xampp\htdocs\xampp\flickrcake\lib\Cake\View\View.php(465): View->_render('C:\xampp\htdocs...')
#11 C:\xampp\htdocs\xampp\flickrcake\lib\Cake\Controller\Controller.php(959): View->render(NULL, NULL)
#12 C:\xampp\htdocs\xampp\flickrcake\lib\Cake\Routing\Dispatcher.php(110): Controller->render()
#13 C:\xampp\htdocs\xampp\flickrcake\lib\Cake\Routing\Dispatcher.php(85): Dispatcher->_invoke(Object(PhotosController), Object(CakeRequest), Object(CakeResponse))
#14 C:\xampp\htdocs\xampp\flickrcake\app\webroot\index.php(92): Dispatcher->dispatch(Object(CakeRequest), Object(CakeResponse))
#15 {main}
2012-06-14 08:56:34 Error: [MissingDatasourceException] Datasource class dummy_db could not be found.
#0 C:\xampp\htdocs\xampp\flickrcake\lib\Cake\Model\ConnectionManager.php(97): ConnectionManager::loadDataSource('default')
#1 C:\xampp\htdocs\xampp\flickrcake\lib\Cake\Model\Model.php(3417): ConnectionManager::getDataSource('default')
#2 C:\xampp\htdocs\xampp\flickrcake\lib\Cake\Model\Model.php(1083): Model->setDataSource('default')
#3 C:\xampp\htdocs\xampp\flickrcake\lib\Cake\Model\Model.php(3443): Model->setSource('photos')
#4 C:\xampp\htdocs\xampp\flickrcake\lib\Cake\Model\Model.php(1292): Model->getDataSource()
#5 C:\xampp\htdocs\xampp\flickrcake\lib\Cake\View\Helper\FormHelper.php(196): Model->schema()
#6 C:\xampp\htdocs\xampp\flickrcake\lib\Cake\View\Helper\FormHelper.php(450): FormHelper->_introspectModel('Photo', 'fields')
#7 C:\xampp\htdocs\xampp\flickrcake\app\View\Photos\index.ctp(2): FormHelper->create('Photo', Array)
#8 C:\xampp\htdocs\xampp\flickrcake\lib\Cake\View\View.php(910): include('C:\xampp\htdocs...')
#9 C:\xampp\htdocs\xampp\flickrcake\lib\Cake\View\View.php(874): View->_evaluate('C:\xampp\htdocs...', Array)
#10 C:\xampp\htdocs\xampp\flickrcake\lib\Cake\View\View.php(465): View->_render('C:\xampp\htdocs...')
#11 C:\xampp\htdocs\xampp\flickrcake\lib\Cake\Controller\Controller.php(959): View->render(NULL, NULL)
#12 C:\xampp\htdocs\xampp\flickrcake\lib\Cake\Routing\Dispatcher.php(110): Controller->render()
#13 C:\xampp\htdocs\xampp\flickrcake\lib\Cake\Routing\Dispatcher.php(85): Dispatcher->_invoke(Object(PhotosController), Object(CakeRequest), Object(CakeResponse))
#14 C:\xampp\htdocs\xampp\flickrcake\app\webroot\index.php(92): Dispatcher->dispatch(Object(CakeRequest), Object(CakeResponse))
#15 {main}
2012-06-14 08:56:35 Error: [MissingDatasourceException] Datasource class dummy_db could not be found.
#0 C:\xampp\htdocs\xampp\flickrcake\lib\Cake\Model\ConnectionManager.php(97): ConnectionManager::loadDataSource('default')
#1 C:\xampp\htdocs\xampp\flickrcake\lib\Cake\Model\Model.php(3417): ConnectionManager::getDataSource('default')
#2 C:\xampp\htdocs\xampp\flickrcake\lib\Cake\Model\Model.php(1083): Model->setDataSource('default')
#3 C:\xampp\htdocs\xampp\flickrcake\lib\Cake\Model\Model.php(3443): Model->setSource('photos')
#4 C:\xampp\htdocs\xampp\flickrcake\lib\Cake\Model\Model.php(1292): Model->getDataSource()
#5 C:\xampp\htdocs\xampp\flickrcake\lib\Cake\View\Helper\FormHelper.php(196): Model->schema()
#6 C:\xampp\htdocs\xampp\flickrcake\lib\Cake\View\Helper\FormHelper.php(450): FormHelper->_introspectModel('Photo', 'fields')
#7 C:\xampp\htdocs\xampp\flickrcake\app\View\Photos\index.ctp(2): FormHelper->create('Photo', Array)
#8 C:\xampp\htdocs\xampp\flickrcake\lib\Cake\View\View.php(910): include('C:\xampp\htdocs...')
#9 C:\xampp\htdocs\xampp\flickrcake\lib\Cake\View\View.php(874): View->_evaluate('C:\xampp\htdocs...', Array)
#10 C:\xampp\htdocs\xampp\flickrcake\lib\Cake\View\View.php(465): View->_render('C:\xampp\htdocs...')
#11 C:\xampp\htdocs\xampp\flickrcake\lib\Cake\Controller\Controller.php(959): View->render(NULL, NULL)
#12 C:\xampp\htdocs\xampp\flickrcake\lib\Cake\Routing\Dispatcher.php(110): Controller->render()
#13 C:\xampp\htdocs\xampp\flickrcake\lib\Cake\Routing\Dispatcher.php(85): Dispatcher->_invoke(Object(PhotosController), Object(CakeRequest), Object(CakeResponse))
#14 C:\xampp\htdocs\xampp\flickrcake\app\webroot\index.php(92): Dispatcher->dispatch(Object(CakeRequest), Object(CakeResponse))
#15 {main}
2012-06-14 08:56:37 Error: [MissingDatasourceException] Datasource class dummy_db could not be found.
#0 C:\xampp\htdocs\xampp\flickrcake\lib\Cake\Model\ConnectionManager.php(97): ConnectionManager::loadDataSource('default')
#1 C:\xampp\htdocs\xampp\flickrcake\lib\Cake\Model\Model.php(3417): ConnectionManager::getDataSource('default')
#2 C:\xampp\htdocs\xampp\flickrcake\lib\Cake\Model\Model.php(1083): Model->setDataSource('default')
#3 C:\xampp\htdocs\xampp\flickrcake\lib\Cake\Model\Model.php(3443): Model->setSource('photos')
#4 C:\xampp\htdocs\xampp\flickrcake\lib\Cake\Model\Model.php(1292): Model->getDataSource()
#5 C:\xampp\htdocs\xampp\flickrcake\lib\Cake\View\Helper\FormHelper.php(196): Model->schema()
#6 C:\xampp\htdocs\xampp\flickrcake\lib\Cake\View\Helper\FormHelper.php(450): FormHelper->_introspectModel('Photo', 'fields')
#7 C:\xampp\htdocs\xampp\flickrcake\app\View\Photos\index.ctp(2): FormHelper->create('Photo', Array)
#8 C:\xampp\htdocs\xampp\flickrcake\lib\Cake\View\View.php(910): include('C:\xampp\htdocs...')
#9 C:\xampp\htdocs\xampp\flickrcake\lib\Cake\View\View.php(874): View->_evaluate('C:\xampp\htdocs...', Array)
#10 C:\xampp\htdocs\xampp\flickrcake\lib\Cake\View\View.php(465): View->_render('C:\xampp\htdocs...')
#11 C:\xampp\htdocs\xampp\flickrcake\lib\Cake\Controller\Controller.php(959): View->render(NULL, NULL)
#12 C:\xampp\htdocs\xampp\flickrcake\lib\Cake\Routing\Dispatcher.php(110): Controller->render()
#13 C:\xampp\htdocs\xampp\flickrcake\lib\Cake\Routing\Dispatcher.php(85): Dispatcher->_invoke(Object(PhotosController), Object(CakeRequest), Object(CakeResponse))
#14 C:\xampp\htdocs\xampp\flickrcake\app\webroot\index.php(92): Dispatcher->dispatch(Object(CakeRequest), Object(CakeResponse))
#15 {main}
2012-06-14 08:58:08 Error: [MissingDatasourceException] Datasource class dummy_db could not be found.
#0 C:\xampp\htdocs\xampp\flickrcake\lib\Cake\Model\ConnectionManager.php(97): ConnectionManager::loadDataSource('default')
#1 C:\xampp\htdocs\xampp\flickrcake\lib\Cake\Model\Model.php(3417): ConnectionManager::getDataSource('default')
#2 C:\xampp\htdocs\xampp\flickrcake\lib\Cake\Model\Model.php(1083): Model->setDataSource('default')
#3 C:\xampp\htdocs\xampp\flickrcake\lib\Cake\Model\Model.php(3443): Model->setSource('photos')
#4 C:\xampp\htdocs\xampp\flickrcake\lib\Cake\Model\Model.php(1292): Model->getDataSource()
#5 C:\xampp\htdocs\xampp\flickrcake\lib\Cake\View\Helper\FormHelper.php(196): Model->schema()
#6 C:\xampp\htdocs\xampp\flickrcake\lib\Cake\View\Helper\FormHelper.php(450): FormHelper->_introspectModel('Photo', 'fields')
#7 C:\xampp\htdocs\xampp\flickrcake\app\View\Photos\index.ctp(2): FormHelper->create('Photo', Array)
#8 C:\xampp\htdocs\xampp\flickrcake\lib\Cake\View\View.php(910): include('C:\xampp\htdocs...')
#9 C:\xampp\htdocs\xampp\flickrcake\lib\Cake\View\View.php(874): View->_evaluate('C:\xampp\htdocs...', Array)
#10 C:\xampp\htdocs\xampp\flickrcake\lib\Cake\View\View.php(465): View->_render('C:\xampp\htdocs...')
#11 C:\xampp\htdocs\xampp\flickrcake\lib\Cake\Controller\Controller.php(959): View->render(NULL, NULL)
#12 C:\xampp\htdocs\xampp\flickrcake\lib\Cake\Routing\Dispatcher.php(110): Controller->render()
#13 C:\xampp\htdocs\xampp\flickrcake\lib\Cake\Routing\Dispatcher.php(85): Dispatcher->_invoke(Object(PhotosController), Object(CakeRequest), Object(CakeResponse))
#14 C:\xampp\htdocs\xampp\flickrcake\app\webroot\index.php(92): Dispatcher->dispatch(Object(CakeRequest), Object(CakeResponse))
#15 {main}
2012-06-14 08:58:10 Error: [MissingDatasourceException] Datasource class dummy_db could not be found.
#0 C:\xampp\htdocs\xampp\flickrcake\lib\Cake\Model\ConnectionManager.php(97): ConnectionManager::loadDataSource('default')
#1 C:\xampp\htdocs\xampp\flickrcake\lib\Cake\Model\Model.php(3417): ConnectionManager::getDataSource('default')
#2 C:\xampp\htdocs\xampp\flickrcake\lib\Cake\Model\Model.php(1083): Model->setDataSource('default')
#3 C:\xampp\htdocs\xampp\flickrcake\lib\Cake\Model\Model.php(3443): Model->setSource('photos')
#4 C:\xampp\htdocs\xampp\flickrcake\lib\Cake\Model\Model.php(1292): Model->getDataSource()
#5 C:\xampp\htdocs\xampp\flickrcake\lib\Cake\View\Helper\FormHelper.php(196): Model->schema()
#6 C:\xampp\htdocs\xampp\flickrcake\lib\Cake\View\Helper\FormHelper.php(450): FormHelper->_introspectModel('Photo', 'fields')
#7 C:\xampp\htdocs\xampp\flickrcake\app\View\Photos\index.ctp(2): FormHelper->create('Photo', Array)
#8 C:\xampp\htdocs\xampp\flickrcake\lib\Cake\View\View.php(910): include('C:\xampp\htdocs...')
#9 C:\xampp\htdocs\xampp\flickrcake\lib\Cake\View\View.php(874): View->_evaluate('C:\xampp\htdocs...', Array)
#10 C:\xampp\htdocs\xampp\flickrcake\lib\Cake\View\View.php(465): View->_render('C:\xampp\htdocs...')
#11 C:\xampp\htdocs\xampp\flickrcake\lib\Cake\Controller\Controller.php(959): View->render(NULL, NULL)
#12 C:\xampp\htdocs\xampp\flickrcake\lib\Cake\Routing\Dispatcher.php(110): Controller->render()
#13 C:\xampp\htdocs\xampp\flickrcake\lib\Cake\Routing\Dispatcher.php(85): Dispatcher->_invoke(Object(PhotosController), Object(CakeRequest), Object(CakeResponse))
#14 C:\xampp\htdocs\xampp\flickrcake\app\webroot\index.php(92): Dispatcher->dispatch(Object(CakeRequest), Object(CakeResponse))
#15 {main}
2012-06-14 08:58:10 Error: [MissingDatasourceException] Datasource class dummy_db could not be found.
#0 C:\xampp\htdocs\xampp\flickrcake\lib\Cake\Model\ConnectionManager.php(97): ConnectionManager::loadDataSource('default')
#1 C:\xampp\htdocs\xampp\flickrcake\lib\Cake\Model\Model.php(3417): ConnectionManager::getDataSource('default')
#2 C:\xampp\htdocs\xampp\flickrcake\lib\Cake\Model\Model.php(1083): Model->setDataSource('default')
#3 C:\xampp\htdocs\xampp\flickrcake\lib\Cake\Model\Model.php(3443): Model->setSource('photos')
#4 C:\xampp\htdocs\xampp\flickrcake\lib\Cake\Model\Model.php(1292): Model->getDataSource()
#5 C:\xampp\htdocs\xampp\flickrcake\lib\Cake\View\Helper\FormHelper.php(196): Model->schema()
#6 C:\xampp\htdocs\xampp\flickrcake\lib\Cake\View\Helper\FormHelper.php(450): FormHelper->_introspectModel('Photo', 'fields')
#7 C:\xampp\htdocs\xampp\flickrcake\app\View\Photos\index.ctp(2): FormHelper->create('Photo', Array)
#8 C:\xampp\htdocs\xampp\flickrcake\lib\Cake\View\View.php(910): include('C:\xampp\htdocs...')
#9 C:\xampp\htdocs\xampp\flickrcake\lib\Cake\View\View.php(874): View->_evaluate('C:\xampp\htdocs...', Array)
#10 C:\xampp\htdocs\xampp\flickrcake\lib\Cake\View\View.php(465): View->_render('C:\xampp\htdocs...')
#11 C:\xampp\htdocs\xampp\flickrcake\lib\Cake\Controller\Controller.php(959): View->render(NULL, NULL)
#12 C:\xampp\htdocs\xampp\flickrcake\lib\Cake\Routing\Dispatcher.php(110): Controller->render()
#13 C:\xampp\htdocs\xampp\flickrcake\lib\Cake\Routing\Dispatcher.php(85): Dispatcher->_invoke(Object(PhotosController), Object(CakeRequest), Object(CakeResponse))
#14 C:\xampp\htdocs\xampp\flickrcake\app\webroot\index.php(92): Dispatcher->dispatch(Object(CakeRequest), Object(CakeResponse))
#15 {main}
2012-06-14 09:04:34 Error: [MissingDatasourceConfigException] The datasource configuration "default" was not found in database.php
#0 C:\xampp\htdocs\xampp\flickrcake\lib\Cake\Model\ConnectionManager.php(94): ConnectionManager::_getConnectionObject('default')
#1 C:\xampp\htdocs\xampp\flickrcake\lib\Cake\Model\Model.php(3417): ConnectionManager::getDataSource('default')
#2 C:\xampp\htdocs\xampp\flickrcake\lib\Cake\Model\Model.php(1083): Model->setDataSource('default')
#3 C:\xampp\htdocs\xampp\flickrcake\lib\Cake\Model\Model.php(3443): Model->setSource('photos')
#4 C:\xampp\htdocs\xampp\flickrcake\lib\Cake\Model\Model.php(1292): Model->getDataSource()
#5 C:\xampp\htdocs\xampp\flickrcake\lib\Cake\View\Helper\FormHelper.php(196): Model->schema()
#6 C:\xampp\htdocs\xampp\flickrcake\lib\Cake\View\Helper\FormHelper.php(450): FormHelper->_introspectModel('Photo', 'fields')
#7 C:\xampp\htdocs\xampp\flickrcake\app\View\Photos\index.ctp(2): FormHelper->create('Photo', Array)
#8 C:\xampp\htdocs\xampp\flickrcake\lib\Cake\View\View.php(910): include('C:\xampp\htdocs...')
#9 C:\xampp\htdocs\xampp\flickrcake\lib\Cake\View\View.php(874): View->_evaluate('C:\xampp\htdocs...', Array)
#10 C:\xampp\htdocs\xampp\flickrcake\lib\Cake\View\View.php(465): View->_render('C:\xampp\htdocs...')
#11 C:\xampp\htdocs\xampp\flickrcake\lib\Cake\Controller\Controller.php(959): View->render(NULL, NULL)
#12 C:\xampp\htdocs\xampp\flickrcake\lib\Cake\Routing\Dispatcher.php(110): Controller->render()
#13 C:\xampp\htdocs\xampp\flickrcake\lib\Cake\Routing\Dispatcher.php(85): Dispatcher->_invoke(Object(PhotosController), Object(CakeRequest), Object(CakeResponse))
#14 C:\xampp\htdocs\xampp\flickrcake\app\webroot\index.php(92): Dispatcher->dispatch(Object(CakeRequest), Object(CakeResponse))
#15 {main}
2012-06-14 09:04:36 Error: [MissingDatasourceConfigException] The datasource configuration "default" was not found in database.php
#0 C:\xampp\htdocs\xampp\flickrcake\lib\Cake\Model\ConnectionManager.php(94): ConnectionManager::_getConnectionObject('default')
#1 C:\xampp\htdocs\xampp\flickrcake\lib\Cake\Model\Model.php(3417): ConnectionManager::getDataSource('default')
#2 C:\xampp\htdocs\xampp\flickrcake\lib\Cake\Model\Model.php(1083): Model->setDataSource('default')
#3 C:\xampp\htdocs\xampp\flickrcake\lib\Cake\Model\Model.php(3443): Model->setSource('photos')
#4 C:\xampp\htdocs\xampp\flickrcake\lib\Cake\Model\Model.php(1292): Model->getDataSource()
#5 C:\xampp\htdocs\xampp\flickrcake\lib\Cake\View\Helper\FormHelper.php(196): Model->schema()
#6 C:\xampp\htdocs\xampp\flickrcake\lib\Cake\View\Helper\FormHelper.php(450): FormHelper->_introspectModel('Photo', 'fields')
#7 C:\xampp\htdocs\xampp\flickrcake\app\View\Photos\index.ctp(2): FormHelper->create('Photo', Array)
#8 C:\xampp\htdocs\xampp\flickrcake\lib\Cake\View\View.php(910): include('C:\xampp\htdocs...')
#9 C:\xampp\htdocs\xampp\flickrcake\lib\Cake\View\View.php(874): View->_evaluate('C:\xampp\htdocs...', Array)
#10 C:\xampp\htdocs\xampp\flickrcake\lib\Cake\View\View.php(465): View->_render('C:\xampp\htdocs...')
#11 C:\xampp\htdocs\xampp\flickrcake\lib\Cake\Controller\Controller.php(959): View->render(NULL, NULL)
#12 C:\xampp\htdocs\xampp\flickrcake\lib\Cake\Routing\Dispatcher.php(110): Controller->render()
#13 C:\xampp\htdocs\xampp\flickrcake\lib\Cake\Routing\Dispatcher.php(85): Dispatcher->_invoke(Object(PhotosController), Object(CakeRequest), Object(CakeResponse))
#14 C:\xampp\htdocs\xampp\flickrcake\app\webroot\index.php(92): Dispatcher->dispatch(Object(CakeRequest), Object(CakeResponse))
#15 {main}
2012-06-14 09:08:13 Error: [MissingViewException] View file "C:\xampp\htdocs\xampp\flickrcake\app\View\Photos\search.ctp" is missing.
#0 C:\xampp\htdocs\xampp\flickrcake\lib\Cake\View\View.php(462): View->_getViewFileName(NULL)
#1 C:\xampp\htdocs\xampp\flickrcake\lib\Cake\Controller\Controller.php(959): View->render(NULL, NULL)
#2 C:\xampp\htdocs\xampp\flickrcake\lib\Cake\Routing\Dispatcher.php(110): Controller->render()
#3 C:\xampp\htdocs\xampp\flickrcake\lib\Cake\Routing\Dispatcher.php(85): Dispatcher->_invoke(Object(PhotosController), Object(CakeRequest), Object(CakeResponse))
#4 C:\xampp\htdocs\xampp\flickrcake\app\webroot\index.php(92): Dispatcher->dispatch(Object(CakeRequest), Object(CakeResponse))
#5 {main}
2012-06-14 09:09:10 Error: [MissingViewException] View file "C:\xampp\htdocs\xampp\flickrcake\app\View\Photos\search.ctp" is missing.
#0 C:\xampp\htdocs\xampp\flickrcake\lib\Cake\View\View.php(462): View->_getViewFileName(NULL)
#1 C:\xampp\htdocs\xampp\flickrcake\lib\Cake\Controller\Controller.php(959): View->render(NULL, NULL)
#2 C:\xampp\htdocs\xampp\flickrcake\lib\Cake\Routing\Dispatcher.php(110): Controller->render()
#3 C:\xampp\htdocs\xampp\flickrcake\lib\Cake\Routing\Dispatcher.php(85): Dispatcher->_invoke(Object(PhotosController), Object(CakeRequest), Object(CakeResponse))
#4 C:\xampp\htdocs\xampp\flickrcake\app\webroot\index.php(92): Dispatcher->dispatch(Object(CakeRequest), Object(CakeResponse))
#5 {main}
2012-06-14 09:10:17 Error: [MissingViewException] View file "C:\xampp\htdocs\xampp\flickrcake\app\View\Photos\search.ctp" is missing.
#0 C:\xampp\htdocs\xampp\flickrcake\lib\Cake\View\View.php(462): View->_getViewFileName(NULL)
#1 C:\xampp\htdocs\xampp\flickrcake\lib\Cake\Controller\Controller.php(959): View->render(NULL, NULL)
#2 C:\xampp\htdocs\xampp\flickrcake\lib\Cake\Routing\Dispatcher.php(110): Controller->render()
#3 C:\xampp\htdocs\xampp\flickrcake\lib\Cake\Routing\Dispatcher.php(85): Dispatcher->_invoke(Object(PhotosController), Object(CakeRequest), Object(CakeResponse))
#4 C:\xampp\htdocs\xampp\flickrcake\app\webroot\index.php(92): Dispatcher->dispatch(Object(CakeRequest), Object(CakeResponse))
#5 {main}
2012-06-14 09:11:03 Error: [MissingViewException] View file "C:\xampp\htdocs\xampp\flickrcake\app\View\Photos\search.ctp" is missing.
#0 C:\xampp\htdocs\xampp\flickrcake\lib\Cake\View\View.php(462): View->_getViewFileName(NULL)
#1 C:\xampp\htdocs\xampp\flickrcake\lib\Cake\Controller\Controller.php(959): View->render(NULL, NULL)
#2 C:\xampp\htdocs\xampp\flickrcake\lib\Cake\Routing\Dispatcher.php(110): Controller->render()
#3 C:\xampp\htdocs\xampp\flickrcake\lib\Cake\Routing\Dispatcher.php(85): Dispatcher->_invoke(Object(PhotosController), Object(CakeRequest), Object(CakeResponse))
#4 C:\xampp\htdocs\xampp\flickrcake\app\webroot\index.php(92): Dispatcher->dispatch(Object(CakeRequest), Object(CakeResponse))
#5 {main}
2012-06-14 09:11:05 Error: [MissingViewException] View file "C:\xampp\htdocs\xampp\flickrcake\app\View\Photos\search.ctp" is missing.
#0 C:\xampp\htdocs\xampp\flickrcake\lib\Cake\View\View.php(462): View->_getViewFileName(NULL)
#1 C:\xampp\htdocs\xampp\flickrcake\lib\Cake\Controller\Controller.php(959): View->render(NULL, NULL)
#2 C:\xampp\htdocs\xampp\flickrcake\lib\Cake\Routing\Dispatcher.php(110): Controller->render()
#3 C:\xampp\htdocs\xampp\flickrcake\lib\Cake\Routing\Dispatcher.php(85): Dispatcher->_invoke(Object(PhotosController), Object(CakeRequest), Object(CakeResponse))
#4 C:\xampp\htdocs\xampp\flickrcake\app\webroot\index.php(92): Dispatcher->dispatch(Object(CakeRequest), Object(CakeResponse))
#5 {main}
2012-06-14 09:11:05 Error: [MissingViewException] View file "C:\xampp\htdocs\xampp\flickrcake\app\View\Photos\search.ctp" is missing.
#0 C:\xampp\htdocs\xampp\flickrcake\lib\Cake\View\View.php(462): View->_getViewFileName(NULL)
#1 C:\xampp\htdocs\xampp\flickrcake\lib\Cake\Controller\Controller.php(959): View->render(NULL, NULL)
#2 C:\xampp\htdocs\xampp\flickrcake\lib\Cake\Routing\Dispatcher.php(110): Controller->render()
#3 C:\xampp\htdocs\xampp\flickrcake\lib\Cake\Routing\Dispatcher.php(85): Dispatcher->_invoke(Object(PhotosController), Object(CakeRequest), Object(CakeResponse))
#4 C:\xampp\htdocs\xampp\flickrcake\app\webroot\index.php(92): Dispatcher->dispatch(Object(CakeRequest), Object(CakeResponse))
#5 {main}
2012-06-14 09:11:06 Error: [MissingViewException] View file "C:\xampp\htdocs\xampp\flickrcake\app\View\Photos\search.ctp" is missing.
#0 C:\xampp\htdocs\xampp\flickrcake\lib\Cake\View\View.php(462): View->_getViewFileName(NULL)
#1 C:\xampp\htdocs\xampp\flickrcake\lib\Cake\Controller\Controller.php(959): View->render(NULL, NULL)
#2 C:\xampp\htdocs\xampp\flickrcake\lib\Cake\Routing\Dispatcher.php(110): Controller->render()
#3 C:\xampp\htdocs\xampp\flickrcake\lib\Cake\Routing\Dispatcher.php(85): Dispatcher->_invoke(Object(PhotosController), Object(CakeRequest), Object(CakeResponse))
#4 C:\xampp\htdocs\xampp\flickrcake\app\webroot\index.php(92): Dispatcher->dispatch(Object(CakeRequest), Object(CakeResponse))
#5 {main}
2012-06-14 09:11:06 Error: [MissingViewException] View file "C:\xampp\htdocs\xampp\flickrcake\app\View\Photos\search.ctp" is missing.
#0 C:\xampp\htdocs\xampp\flickrcake\lib\Cake\View\View.php(462): View->_getViewFileName(NULL)
#1 C:\xampp\htdocs\xampp\flickrcake\lib\Cake\Controller\Controller.php(959): View->render(NULL, NULL)
#2 C:\xampp\htdocs\xampp\flickrcake\lib\Cake\Routing\Dispatcher.php(110): Controller->render()
#3 C:\xampp\htdocs\xampp\flickrcake\lib\Cake\Routing\Dispatcher.php(85): Dispatcher->_invoke(Object(PhotosController), Object(CakeRequest), Object(CakeResponse))
#4 C:\xampp\htdocs\xampp\flickrcake\app\webroot\index.php(92): Dispatcher->dispatch(Object(CakeRequest), Object(CakeResponse))
#5 {main}
2012-06-14 09:11:27 Error: [MissingViewException] View file "C:\xampp\htdocs\xampp\flickrcake\app\View\Photos\search.ctp" is missing.
#0 C:\xampp\htdocs\xampp\flickrcake\lib\Cake\View\View.php(462): View->_getViewFileName(NULL)
#1 C:\xampp\htdocs\xampp\flickrcake\lib\Cake\Controller\Controller.php(959): View->render(NULL, NULL)
#2 C:\xampp\htdocs\xampp\flickrcake\lib\Cake\Routing\Dispatcher.php(110): Controller->render()
#3 C:\xampp\htdocs\xampp\flickrcake\lib\Cake\Routing\Dispatcher.php(85): Dispatcher->_invoke(Object(PhotosController), Object(CakeRequest), Object(CakeResponse))
#4 C:\xampp\htdocs\xampp\flickrcake\app\webroot\index.php(92): Dispatcher->dispatch(Object(CakeRequest), Object(CakeResponse))
#5 {main}
2012-06-14 09:11:28 Error: [MissingViewException] View file "C:\xampp\htdocs\xampp\flickrcake\app\View\Photos\search.ctp" is missing.
#0 C:\xampp\htdocs\xampp\flickrcake\lib\Cake\View\View.php(462): View->_getViewFileName(NULL)
#1 C:\xampp\htdocs\xampp\flickrcake\lib\Cake\Controller\Controller.php(959): View->render(NULL, NULL)
#2 C:\xampp\htdocs\xampp\flickrcake\lib\Cake\Routing\Dispatcher.php(110): Controller->render()
#3 C:\xampp\htdocs\xampp\flickrcake\lib\Cake\Routing\Dispatcher.php(85): Dispatcher->_invoke(Object(PhotosController), Object(CakeRequest), Object(CakeResponse))
#4 C:\xampp\htdocs\xampp\flickrcake\app\webroot\index.php(92): Dispatcher->dispatch(Object(CakeRequest), Object(CakeResponse))
#5 {main}
2012-06-14 09:11:33 Error: [MissingViewException] View file "C:\xampp\htdocs\xampp\flickrcake\app\View\Photos\search.ctp" is missing.
#0 C:\xampp\htdocs\xampp\flickrcake\lib\Cake\View\View.php(462): View->_getViewFileName(NULL)
#1 C:\xampp\htdocs\xampp\flickrcake\lib\Cake\Controller\Controller.php(959): View->render(NULL, NULL)
#2 C:\xampp\htdocs\xampp\flickrcake\lib\Cake\Routing\Dispatcher.php(110): Controller->render()
#3 C:\xampp\htdocs\xampp\flickrcake\lib\Cake\Routing\Dispatcher.php(85): Dispatcher->_invoke(Object(PhotosController), Object(CakeRequest), Object(CakeResponse))
#4 C:\xampp\htdocs\xampp\flickrcake\app\webroot\index.php(92): Dispatcher->dispatch(Object(CakeRequest), Object(CakeResponse))
#5 {main}
2012-06-14 09:11:54 Error: [MissingViewException] View file "C:\xampp\htdocs\xampp\flickrcake\app\View\Photos\search.ctp" is missing.
#0 C:\xampp\htdocs\xampp\flickrcake\lib\Cake\View\View.php(462): View->_getViewFileName(NULL)
#1 C:\xampp\htdocs\xampp\flickrcake\lib\Cake\Controller\Controller.php(959): View->render(NULL, NULL)
#2 C:\xampp\htdocs\xampp\flickrcake\lib\Cake\Routing\Dispatcher.php(110): Controller->render()
#3 C:\xampp\htdocs\xampp\flickrcake\lib\Cake\Routing\Dispatcher.php(85): Dispatcher->_invoke(Object(PhotosController), Object(CakeRequest), Object(CakeResponse))
#4 C:\xampp\htdocs\xampp\flickrcake\app\webroot\index.php(92): Dispatcher->dispatch(Object(CakeRequest), Object(CakeResponse))
#5 {main}
2012-06-14 09:14:15 Error: [MissingViewException] View file "C:\xampp\htdocs\xampp\flickrcake\app\View\Photos\search.ctp" is missing.
#0 C:\xampp\htdocs\xampp\flickrcake\lib\Cake\View\View.php(462): View->_getViewFileName(NULL)
#1 C:\xampp\htdocs\xampp\flickrcake\lib\Cake\Controller\Controller.php(959): View->render(NULL, NULL)
#2 C:\xampp\htdocs\xampp\flickrcake\lib\Cake\Routing\Dispatcher.php(110): Controller->render()
#3 C:\xampp\htdocs\xampp\flickrcake\lib\Cake\Routing\Dispatcher.php(85): Dispatcher->_invoke(Object(PhotosController), Object(CakeRequest), Object(CakeResponse))
#4 C:\xampp\htdocs\xampp\flickrcake\app\webroot\index.php(92): Dispatcher->dispatch(Object(CakeRequest), Object(CakeResponse))
#5 {main}
2012-06-14 09:17:46 Error: [MissingViewException] View file "C:\xampp\htdocs\xampp\flickrcake\app\View\Photos\search.ctp" is missing.
#0 C:\xampp\htdocs\xampp\flickrcake\lib\Cake\View\View.php(462): View->_getViewFileName(NULL)
#1 C:\xampp\htdocs\xampp\flickrcake\lib\Cake\Controller\Controller.php(959): View->render(NULL, NULL)
#2 C:\xampp\htdocs\xampp\flickrcake\lib\Cake\Routing\Dispatcher.php(110): Controller->render()
#3 C:\xampp\htdocs\xampp\flickrcake\lib\Cake\Routing\Dispatcher.php(85): Dispatcher->_invoke(Object(PhotosController), Object(CakeRequest), Object(CakeResponse))
#4 C:\xampp\htdocs\xampp\flickrcake\app\webroot\index.php(92): Dispatcher->dispatch(Object(CakeRequest), Object(CakeResponse))
#5 {main}
2012-06-15 01:51:55 Error: [MissingViewException] View file "C:\xampp\htdocs\xampp\flickrcake\app\View\Photos\search.ctp" is missing.
#0 C:\xampp\htdocs\xampp\flickrcake\lib\Cake\View\View.php(462): View->_getViewFileName(NULL)
#1 C:\xampp\htdocs\xampp\flickrcake\lib\Cake\Controller\Controller.php(959): View->render(NULL, NULL)
#2 C:\xampp\htdocs\xampp\flickrcake\lib\Cake\Routing\Dispatcher.php(110): Controller->render()
#3 C:\xampp\htdocs\xampp\flickrcake\lib\Cake\Routing\Dispatcher.php(85): Dispatcher->_invoke(Object(PhotosController), Object(CakeRequest), Object(CakeResponse))
#4 C:\xampp\htdocs\xampp\flickrcake\app\webroot\index.php(92): Dispatcher->dispatch(Object(CakeRequest), Object(CakeResponse))
#5 {main}
